# JRE version: OpenJDK Runtime Environment Temurin-21.0.10+7 (21.0.10+7) (build 21.0.10+7-LTS)
# Java VM: OpenJDK 64-Bit Server VM Temurin-21.0.10+7 (21.0.10+7-LTS, mixed mode, sharing, tiered, compressed oops, compressed class ptrs, parallel gc, windows-amd64)
GC Precious Log:
 CardTable entry size: 512
 CPUs: 12 total, 12 available
 Memory: 7528M
 Large Page Support: Disabled
 NUMA Support: Disabled
 Compressed Oops: Enabled (32-bit)
 Alignments: Space 512K, Generation 512K, Heap 2M
 Heap Min Capacity: 100M
 Heap Initial Capacity: 100M
 Heap Max Capacity: 2G
 Pre-touch: Disabled
 Parallel Workers: 10
Heap:
 PSYoungGen      total 4096K, used 1997K [0x00000000d5580000, 0x00000000d5a80000, 0x0000000100000000)
  eden space 3072K, 53% used [0x00000000d5580000,0x00000000d571b610,0x00000000d5880000)
  from space 1024K, 34% used [0x00000000d5880000,0x00000000d58d8000,0x00000000d5980000)
  to   space 1024K, 0% used [0x00000000d5980000,0x00000000d5980000,0x00000000d5a80000)
 ParOldGen       total 699904K, used 186466K [0x0000000080000000, 0x00000000aab80000, 0x00000000d5580000)
  object space 699904K, 26% used [0x0000000080000000,0x000000008b618ab8,0x00000000aab80000)
 Metaspace       used 86896K, committed 88640K, reserved 1179648K
  class space    used 9206K, committed 9984K, reserved 1048576K
GC Heap History (20 events):
Event: 546.165 GC heap before
{Heap before GC invocations=910 (full 4):
 PSYoungGen      total 5120K, used 5118K [0x00000000d5580000, 0x00000000d5b80000, 0x0000000100000000)
  eden space 4096K, 99% used [0x00000000d5580000,0x00000000d597ffa8,0x00000000d5980000)
  from space 1024K, 99% used [0x00000000d5980000,0x00000000d5a7fb20,0x00000000d5a80000)
  to   space 1024K, 0% used [0x00000000d5a80000,0x00000000d5a80000,0x00000000d5b80000)
 ParOldGen       total 699904K, used 146250K [0x0000000080000000, 0x00000000aab80000, 0x00000000d5580000)
  object space 699904K, 20% used [0x0000000080000000,0x0000000088ed2a10,0x00000000aab80000)
 Metaspace       used 86863K, committed 88640K, reserved 1179648K
  class space    used 9206K, committed 9984K, reserved 1048576K
}
Event: 546.178 GC heap after
{Heap after GC invocations=910 (full 4):
 PSYoungGen      total 5120K, used 1024K [0x00000000d5580000, 0x00000000d5b80000, 0x0000000100000000)
  eden space 4096K, 0% used [0x00000000d5580000,0x00000000d5580000,0x00000000d5980000)
  from space 1024K, 100% used [0x00000000d5a80000,0x00000000d5b80000,0x00000000d5b80000)
  to   space 1024K, 0% used [0x00000000d5980000,0x00000000d5980000,0x00000000d5a80000)
 ParOldGen       total 699904K, used 149849K [0x0000000080000000, 0x00000000aab80000, 0x00000000d5580000)
  object space 699904K, 21% used [0x0000000080000000,0x0000000089256748,0x00000000aab80000)
 Metaspace       used 86863K, committed 88640K, reserved 1179648K
  class space    used 9206K, committed 9984K, reserved 1048576K
}
Event: 546.239 GC heap before
{Heap before GC invocations=911 (full 4):
 PSYoungGen      total 5120K, used 5120K [0x00000000d5580000, 0x00000000d5b80000, 0x0000000100000000)
  eden space 4096K, 100% used [0x00000000d5580000,0x00000000d5980000,0x00000000d5980000)
  from space 1024K, 100% used [0x00000000d5a80000,0x00000000d5b80000,0x00000000d5b80000)
  to   space 1024K, 0% used [0x00000000d5980000,0x00000000d5980000,0x00000000d5a80000)
 ParOldGen       total 699904K, used 149849K [0x0000000080000000, 0x00000000aab80000, 0x00000000d5580000)
  object space 699904K, 21% used [0x0000000080000000,0x0000000089256748,0x00000000aab80000)
 Metaspace       used 86872K, committed 88640K, reserved 1179648K
  class space    used 9206K, committed 9984K, reserved 1048576K
}
Event: 546.269 GC heap after
{Heap after GC invocations=911 (full 4):
 PSYoungGen      total 5120K, used 1024K [0x00000000d5580000, 0x00000000d5b80000, 0x0000000100000000)
  eden space 4096K, 0% used [0x00000000d5580000,0x00000000d5580000,0x00000000d5980000)
  from space 1024K, 100% used [0x00000000d5980000,0x00000000d5a80000,0x00000000d5a80000)
  to   space 1024K, 0% used [0x00000000d5a80000,0x00000000d5a80000,0x00000000d5b80000)
 ParOldGen       total 699904K, used 152737K [0x0000000080000000, 0x00000000aab80000, 0x00000000d5580000)
  object space 699904K, 21% used [0x0000000080000000,0x0000000089528748,0x00000000aab80000)
 Metaspace       used 86872K, committed 88640K, reserved 1179648K
  class space    used 9206K, committed 9984K, reserved 1048576K
}
Event: 547.249 GC heap before
{Heap before GC invocations=912 (full 4):
 PSYoungGen      total 5120K, used 5120K [0x00000000d5580000, 0x00000000d5b80000, 0x0000000100000000)
  eden space 4096K, 100% used [0x00000000d5580000,0x00000000d5980000,0x00000000d5980000)
  from space 1024K, 100% used [0x00000000d5980000,0x00000000d5a80000,0x00000000d5a80000)
  to   space 1024K, 0% used [0x00000000d5a80000,0x00000000d5a80000,0x00000000d5b80000)
 ParOldGen       total 699904K, used 183457K [0x0000000080000000, 0x00000000aab80000, 0x00000000d5580000)
  object space 699904K, 26% used [0x0000000080000000,0x000000008b328778,0x00000000aab80000)
 Metaspace       used 86886K, committed 88640K, reserved 1179648K
  class space    used 9206K, committed 9984K, reserved 1048576K
}
Event: 547.253 GC heap after
{Heap after GC invocations=912 (full 4):
 PSYoungGen      total 4096K, used 608K [0x00000000d5580000, 0x00000000d5d80000, 0x0000000100000000)
  eden space 3072K, 0% used [0x00000000d5580000,0x00000000d5580000,0x00000000d5880000)
  from space 1024K, 59% used [0x00000000d5a80000,0x00000000d5b18000,0x00000000d5b80000)
  to   space 2048K, 0% used [0x00000000d5880000,0x00000000d5880000,0x00000000d5a80000)
 ParOldGen       total 699904K, used 184509K [0x0000000080000000, 0x00000000aab80000, 0x00000000d5580000)
  object space 699904K, 26% used [0x0000000080000000,0x000000008b42f788,0x00000000aab80000)
 Metaspace       used 86886K, committed 88640K, reserved 1179648K
  class space    used 9206K, committed 9984K, reserved 1048576K
}
Event: 547.670 GC heap before
{Heap before GC invocations=913 (full 4):
 PSYoungGen      total 4096K, used 3680K [0x00000000d5580000, 0x00000000d5d80000, 0x0000000100000000)
  eden space 3072K, 100% used [0x00000000d5580000,0x00000000d5880000,0x00000000d5880000)
  from space 1024K, 59% used [0x00000000d5a80000,0x00000000d5b18000,0x00000000d5b80000)
  to   space 2048K, 0% used [0x00000000d5880000,0x00000000d5880000,0x00000000d5a80000)
 ParOldGen       total 699904K, used 184509K [0x0000000080000000, 0x00000000aab80000, 0x00000000d5580000)
  object space 699904K, 26% used [0x0000000080000000,0x000000008b42f788,0x00000000aab80000)
 Metaspace       used 86890K, committed 88640K, reserved 1179648K
  class space    used 9206K, committed 9984K, reserved 1048576K
}
Event: 547.674 GC heap after
{Heap after GC invocations=913 (full 4):
 PSYoungGen      total 4096K, used 544K [0x00000000d5580000, 0x00000000d5b00000, 0x0000000100000000)
  eden space 3072K, 0% used [0x00000000d5580000,0x00000000d5580000,0x00000000d5880000)
  from space 1024K, 53% used [0x00000000d5880000,0x00000000d5908000,0x00000000d5980000)
  to   space 1024K, 0% used [0x00000000d5a00000,0x00000000d5a00000,0x00000000d5b00000)
 ParOldGen       total 699904K, used 184989K [0x0000000080000000, 0x00000000aab80000, 0x00000000d5580000)
  object space 699904K, 26% used [0x0000000080000000,0x000000008b4a7788,0x00000000aab80000)
 Metaspace       used 86890K, committed 88640K, reserved 1179648K
  class space    used 9206K, committed 9984K, reserved 1048576K
}
Event: 548.208 GC heap before
{Heap before GC invocations=914 (full 4):
 PSYoungGen      total 4096K, used 3616K [0x00000000d5580000, 0x00000000d5b00000, 0x0000000100000000)
  eden space 3072K, 100% used [0x00000000d5580000,0x00000000d5880000,0x00000000d5880000)
  from space 1024K, 53% used [0x00000000d5880000,0x00000000d5908000,0x00000000d5980000)
  to   space 1024K, 0% used [0x00000000d5a00000,0x00000000d5a00000,0x00000000d5b00000)
 ParOldGen       total 699904K, used 184989K [0x0000000080000000, 0x00000000aab80000, 0x00000000d5580000)
  object space 699904K, 26% used [0x0000000080000000,0x000000008b4a7788,0x00000000aab80000)
 Metaspace       used 86890K, committed 88640K, reserved 1179648K
  class space    used 9206K, committed 9984K, reserved 1048576K
}
Event: 548.212 GC heap after
{Heap after GC invocations=914 (full 4):
 PSYoungGen      total 4096K, used 576K [0x00000000d5580000, 0x00000000d5b00000, 0x0000000100000000)
  eden space 3072K, 0% used [0x00000000d5580000,0x00000000d5580000,0x00000000d5880000)
  from space 1024K, 56% used [0x00000000d5a00000,0x00000000d5a90000,0x00000000d5b00000)
  to   space 1024K, 0% used [0x00000000d5880000,0x00000000d5880000,0x00000000d5980000)
 ParOldGen       total 699904K, used 185381K [0x0000000080000000, 0x00000000aab80000, 0x00000000d5580000)
  object space 699904K, 26% used [0x0000000080000000,0x000000008b509788,0x00000000aab80000)
 Metaspace       used 86890K, committed 88640K, reserved 1179648K
  class space    used 9206K, committed 9984K, reserved 1048576K
}
Event: 548.623 GC heap before
{Heap before GC invocations=915 (full 4):
 PSYoungGen      total 4096K, used 3648K [0x00000000d5580000, 0x00000000d5b00000, 0x0000000100000000)
  eden space 3072K, 100% used [0x00000000d5580000,0x00000000d5880000,0x00000000d5880000)
  from space 1024K, 56% used [0x00000000d5a00000,0x00000000d5a90000,0x00000000d5b00000)
  to   space 1024K, 0% used [0x00000000d5880000,0x00000000d5880000,0x00000000d5980000)
 ParOldGen       total 699904K, used 185381K [0x0000000080000000, 0x00000000aab80000, 0x00000000d5580000)
  object space 699904K, 26% used [0x0000000080000000,0x000000008b509788,0x00000000aab80000)
 Metaspace       used 86890K, committed 88640K, reserved 1179648K
  class space    used 9206K, committed 9984K, reserved 1048576K
}
Event: 548.625 GC heap after
{Heap after GC invocations=915 (full 4):
 PSYoungGen      total 4096K, used 304K [0x00000000d5580000, 0x00000000d5a80000, 0x0000000100000000)
  eden space 3072K, 0% used [0x00000000d5580000,0x00000000d5580000,0x00000000d5880000)
  from space 1024K, 29% used [0x00000000d5880000,0x00000000d58cc120,0x00000000d5980000)
  to   space 512K, 0% used [0x00000000d5a00000,0x00000000d5a00000,0x00000000d5a80000)
 ParOldGen       total 699904K, used 185461K [0x0000000080000000, 0x00000000aab80000, 0x00000000d5580000)
  object space 699904K, 26% used [0x0000000080000000,0x000000008b51d788,0x00000000aab80000)
 Metaspace       used 86890K, committed 88640K, reserved 1179648K
  class space    used 9206K, committed 9984K, reserved 1048576K
}
Event: 548.963 GC heap before
{Heap before GC invocations=916 (full 4):
 PSYoungGen      total 4096K, used 3376K [0x00000000d5580000, 0x00000000d5a80000, 0x0000000100000000)
  eden space 3072K, 100% used [0x00000000d5580000,0x00000000d5880000,0x00000000d5880000)
  from space 1024K, 29% used [0x00000000d5880000,0x00000000d58cc120,0x00000000d5980000)
  to   space 512K, 0% used [0x00000000d5a00000,0x00000000d5a00000,0x00000000d5a80000)
 ParOldGen       total 699904K, used 185461K [0x0000000080000000, 0x00000000aab80000, 0x00000000d5580000)
  object space 699904K, 26% used [0x0000000080000000,0x000000008b51d788,0x00000000aab80000)
 Metaspace       used 86890K, committed 88640K, reserved 1179648K
  class space    used 9206K, committed 9984K, reserved 1048576K
}
Event: 548.965 GC heap after
{Heap after GC invocations=916 (full 4):
 PSYoungGen      total 3584K, used 384K [0x00000000d5580000, 0x00000000d5a80000, 0x0000000100000000)
  eden space 3072K, 0% used [0x00000000d5580000,0x00000000d5580000,0x00000000d5880000)
  from space 512K, 75% used [0x00000000d5a00000,0x00000000d5a60000,0x00000000d5a80000)
  to   space 512K, 0% used [0x00000000d5980000,0x00000000d5980000,0x00000000d5a00000)
 ParOldGen       total 699904K, used 185550K [0x0000000080000000, 0x00000000aab80000, 0x00000000d5580000)
  object space 699904K, 26% used [0x0000000080000000,0x000000008b5338a8,0x00000000aab80000)
 Metaspace       used 86890K, committed 88640K, reserved 1179648K
  class space    used 9206K, committed 9984K, reserved 1048576K
}
Event: 549.160 GC heap before
{Heap before GC invocations=917 (full 4):
 PSYoungGen      total 3584K, used 3456K [0x00000000d5580000, 0x00000000d5a80000, 0x0000000100000000)
  eden space 3072K, 100% used [0x00000000d5580000,0x00000000d5880000,0x00000000d5880000)
  from space 512K, 75% used [0x00000000d5a00000,0x00000000d5a60000,0x00000000d5a80000)
  to   space 512K, 0% used [0x00000000d5980000,0x00000000d5980000,0x00000000d5a00000)
 ParOldGen       total 699904K, used 185550K [0x0000000080000000, 0x00000000aab80000, 0x00000000d5580000)
  object space 699904K, 26% used [0x0000000080000000,0x000000008b5338a8,0x00000000aab80000)
 Metaspace       used 86891K, committed 88640K, reserved 1179648K
  class space    used 9206K, committed 9984K, reserved 1048576K
}
Event: 549.163 GC heap after
{Heap after GC invocations=917 (full 4):
 PSYoungGen      total 3584K, used 490K [0x00000000d5580000, 0x00000000d5a80000, 0x0000000100000000)
  eden space 3072K, 0% used [0x00000000d5580000,0x00000000d5580000,0x00000000d5880000)
  from space 512K, 95% used [0x00000000d5980000,0x00000000d59fa910,0x00000000d5a00000)
  to   space 512K, 0% used [0x00000000d5a00000,0x00000000d5a00000,0x00000000d5a80000)
 ParOldGen       total 699904K, used 185774K [0x0000000080000000, 0x00000000aab80000, 0x00000000d5580000)
  object space 699904K, 26% used [0x0000000080000000,0x000000008b56b8a8,0x00000000aab80000)
 Metaspace       used 86891K, committed 88640K, reserved 1179648K
  class space    used 9206K, committed 9984K, reserved 1048576K
}
Event: 549.183 GC heap before
{Heap before GC invocations=918 (full 4):
 PSYoungGen      total 3584K, used 3562K [0x00000000d5580000, 0x00000000d5a80000, 0x0000000100000000)
  eden space 3072K, 100% used [0x00000000d5580000,0x00000000d5880000,0x00000000d5880000)
  from space 512K, 95% used [0x00000000d5980000,0x00000000d59fa910,0x00000000d5a00000)
  to   space 512K, 0% used [0x00000000d5a00000,0x00000000d5a00000,0x00000000d5a80000)
 ParOldGen       total 699904K, used 185774K [0x0000000080000000, 0x00000000aab80000, 0x00000000d5580000)
  object space 699904K, 26% used [0x0000000080000000,0x000000008b56b8a8,0x00000000aab80000)
 Metaspace       used 86893K, committed 88640K, reserved 1179648K
  class space    used 9206K, committed 9984K, reserved 1048576K
}
Event: 549.185 GC heap after
{Heap after GC invocations=918 (full 4):
 PSYoungGen      total 3584K, used 512K [0x00000000d5580000, 0x00000000d5a80000, 0x0000000100000000)
  eden space 3072K, 0% used [0x00000000d5580000,0x00000000d5580000,0x00000000d5880000)
  from space 512K, 100% used [0x00000000d5a00000,0x00000000d5a80000,0x00000000d5a80000)
  to   space 1024K, 0% used [0x00000000d5880000,0x00000000d5880000,0x00000000d5980000)
 ParOldGen       total 699904K, used 186058K [0x0000000080000000, 0x00000000aab80000, 0x00000000d5580000)
  object space 699904K, 26% used [0x0000000080000000,0x000000008b5b2ab8,0x00000000aab80000)
 Metaspace       used 86893K, committed 88640K, reserved 1179648K
  class space    used 9206K, committed 9984K, reserved 1048576K
}
Event: 549.207 GC heap before
{Heap before GC invocations=919 (full 4):
 PSYoungGen      total 3584K, used 3584K [0x00000000d5580000, 0x00000000d5a80000, 0x0000000100000000)
  eden space 3072K, 100% used [0x00000000d5580000,0x00000000d5880000,0x00000000d5880000)
  from space 512K, 100% used [0x00000000d5a00000,0x00000000d5a80000,0x00000000d5a80000)
  to   space 1024K, 0% used [0x00000000d5880000,0x00000000d5880000,0x00000000d5980000)
 ParOldGen       total 699904K, used 186058K [0x0000000080000000, 0x00000000aab80000, 0x00000000d5580000)
  object space 699904K, 26% used [0x0000000080000000,0x000000008b5b2ab8,0x00000000aab80000)
 Metaspace       used 86895K, committed 88640K, reserved 1179648K
  class space    used 9206K, committed 9984K, reserved 1048576K
}
Event: 549.209 GC heap after
{Heap after GC invocations=919 (full 4):
 PSYoungGen      total 4096K, used 352K [0x00000000d5580000, 0x00000000d5a80000, 0x0000000100000000)
  eden space 3072K, 0% used [0x00000000d5580000,0x00000000d5580000,0x00000000d5880000)
  from space 1024K, 34% used [0x00000000d5880000,0x00000000d58d8000,0x00000000d5980000)
  to   space 1024K, 0% used [0x00000000d5980000,0x00000000d5980000,0x00000000d5a80000)
 ParOldGen       total 699904K, used 186466K [0x0000000080000000, 0x00000000aab80000, 0x00000000d5580000)
  object space 699904K, 26% used [0x0000000080000000,0x000000008b618ab8,0x00000000aab80000)
 Metaspace       used 86895K, committed 88640K, reserved 1179648K
  class space    used 9206K, committed 9984K, reserved 1048576K
}

