# JRE version: OpenJDK Runtime Environment Temurin-21.0.10+7 (21.0.10+7) (build 21.0.10+7-LTS)
# Java VM: OpenJDK 64-Bit Server VM Temurin-21.0.10+7 (21.0.10+7-LTS, mixed mode, sharing, tiered, compressed oops, compressed class ptrs, parallel gc, windows-amd64)
GC Precious Log:
 CardTable entry size: 512
 CPUs: 12 total, 12 available
 Memory: 7528M
 Large Page Support: Disabled
 NUMA Support: Disabled
 Compressed Oops: Enabled (32-bit)
 Alignments: Space 512K, Generation 512K, Heap 2M
 Heap Min Capacity: 100M
 Heap Initial Capacity: 100M
 Heap Max Capacity: 2G
 Pre-touch: Disabled
 Parallel Workers: 10
Heap:
 PSYoungGen      total 3584K, used 3159K [0x00000000d5580000, 0x00000000d5f00000, 0x0000000100000000)
  eden space 2048K, 79% used [0x00000000d5580000,0x00000000d5715e10,0x00000000d5780000)
  from space 1536K, 100% used [0x00000000d5780000,0x00000000d5900000,0x00000000d5900000)
  to   space 3584K, 0% used [0x00000000d5b80000,0x00000000d5b80000,0x00000000d5f00000)
 ParOldGen       total 768000K, used 767706K [0x0000000080000000, 0x00000000aee00000, 0x00000000d5580000)
  object space 768000K, 99% used [0x0000000080000000,0x00000000aedb6a90,0x00000000aee00000)
 Metaspace       used 66167K, committed 67712K, reserved 1114112K
  class space    used 6965K, committed 7616K, reserved 1048576K
GC Heap History (20 events):
Event: 136.340 GC heap before
{Heap before GC invocations=1193 (full 3):
 PSYoungGen      total 2048K, used 1953K [0x00000000d5580000, 0x00000000d5900000, 0x0000000100000000)
  eden space 1024K, 100% used [0x00000000d5580000,0x00000000d5680000,0x00000000d5680000)
  from space 1024K, 90% used [0x00000000d5680000,0x00000000d5768510,0x00000000d5780000)
  to   space 1024K, 0% used [0x00000000d5800000,0x00000000d5800000,0x00000000d5900000)
 ParOldGen       total 757760K, used 757500K [0x0000000080000000, 0x00000000ae400000, 0x00000000d5580000)
  object space 757760K, 99% used [0x0000000080000000,0x00000000ae3bf300,0x00000000ae400000)
 Metaspace       used 66084K, committed 67584K, reserved 1114112K
  class space    used 6961K, committed 7616K, reserved 1048576K
}
Event: 136.344 GC heap after
{Heap after GC invocations=1193 (full 3):
 PSYoungGen      total 2560K, used 484K [0x00000000d5580000, 0x00000000d5900000, 0x0000000100000000)
  eden space 1536K, 0% used [0x00000000d5580000,0x00000000d5580000,0x00000000d5700000)
  from space 1024K, 47% used [0x00000000d5800000,0x00000000d5879008,0x00000000d5900000)
  to   space 1024K, 0% used [0x00000000d5700000,0x00000000d5700000,0x00000000d5800000)
 ParOldGen       total 758784K, used 758275K [0x0000000080000000, 0x00000000ae500000, 0x00000000d5580000)
  object space 758784K, 99% used [0x0000000080000000,0x00000000ae480fd0,0x00000000ae500000)
 Metaspace       used 66084K, committed 67584K, reserved 1114112K
  class space    used 6961K, committed 7616K, reserved 1048576K
}
Event: 136.377 GC heap before
{Heap before GC invocations=1194 (full 3):
 PSYoungGen      total 2560K, used 2020K [0x00000000d5580000, 0x00000000d5900000, 0x0000000100000000)
  eden space 1536K, 100% used [0x00000000d5580000,0x00000000d5700000,0x00000000d5700000)
  from space 1024K, 47% used [0x00000000d5800000,0x00000000d5879008,0x00000000d5900000)
  to   space 1024K, 0% used [0x00000000d5700000,0x00000000d5700000,0x00000000d5800000)
 ParOldGen       total 758784K, used 758275K [0x0000000080000000, 0x00000000ae500000, 0x00000000d5580000)
  object space 758784K, 99% used [0x0000000080000000,0x00000000ae480fd0,0x00000000ae500000)
 Metaspace       used 66084K, committed 67584K, reserved 1114112K
  class space    used 6961K, committed 7616K, reserved 1048576K
}
Event: 136.380 GC heap after
{Heap after GC invocations=1194 (full 3):
 PSYoungGen      total 2560K, used 544K [0x00000000d5580000, 0x00000000d5980000, 0x0000000100000000)
  eden space 1536K, 0% used [0x00000000d5580000,0x00000000d5580000,0x00000000d5700000)
  from space 1024K, 53% used [0x00000000d5700000,0x00000000d5788000,0x00000000d5800000)
  to   space 1024K, 0% used [0x00000000d5880000,0x00000000d5880000,0x00000000d5980000)
 ParOldGen       total 758784K, used 758569K [0x0000000080000000, 0x00000000ae500000, 0x00000000d5580000)
  object space 758784K, 99% used [0x0000000080000000,0x00000000ae4ca7e0,0x00000000ae500000)
 Metaspace       used 66084K, committed 67584K, reserved 1114112K
  class space    used 6961K, committed 7616K, reserved 1048576K
}
Event: 136.410 GC heap before
{Heap before GC invocations=1195 (full 3):
 PSYoungGen      total 2560K, used 2080K [0x00000000d5580000, 0x00000000d5980000, 0x0000000100000000)
  eden space 1536K, 100% used [0x00000000d5580000,0x00000000d5700000,0x00000000d5700000)
  from space 1024K, 53% used [0x00000000d5700000,0x00000000d5788000,0x00000000d5800000)
  to   space 1024K, 0% used [0x00000000d5880000,0x00000000d5880000,0x00000000d5980000)
 ParOldGen       total 758784K, used 758569K [0x0000000080000000, 0x00000000ae500000, 0x00000000d5580000)
  object space 758784K, 99% used [0x0000000080000000,0x00000000ae4ca7e0,0x00000000ae500000)
 Metaspace       used 66085K, committed 67584K, reserved 1114112K
  class space    used 6961K, committed 7616K, reserved 1048576K
}
Event: 136.414 GC heap after
{Heap after GC invocations=1195 (full 3):
 PSYoungGen      total 2560K, used 562K [0x00000000d5580000, 0x00000000d5980000, 0x0000000100000000)
  eden space 1536K, 0% used [0x00000000d5580000,0x00000000d5580000,0x00000000d5700000)
  from space 1024K, 54% used [0x00000000d5880000,0x00000000d590c808,0x00000000d5980000)
  to   space 1024K, 0% used [0x00000000d5700000,0x00000000d5700000,0x00000000d5800000)
 ParOldGen       total 759296K, used 759011K [0x0000000080000000, 0x00000000ae580000, 0x00000000d5580000)
  object space 759296K, 99% used [0x0000000080000000,0x00000000ae538ff8,0x00000000ae580000)
 Metaspace       used 66085K, committed 67584K, reserved 1114112K
  class space    used 6961K, committed 7616K, reserved 1048576K
}
Event: 136.435 GC heap before
{Heap before GC invocations=1196 (full 3):
 PSYoungGen      total 2560K, used 2097K [0x00000000d5580000, 0x00000000d5980000, 0x0000000100000000)
  eden space 1536K, 99% used [0x00000000d5580000,0x00000000d56fffa0,0x00000000d5700000)
  from space 1024K, 54% used [0x00000000d5880000,0x00000000d590c808,0x00000000d5980000)
  to   space 1024K, 0% used [0x00000000d5700000,0x00000000d5700000,0x00000000d5800000)
 ParOldGen       total 759296K, used 759011K [0x0000000080000000, 0x00000000ae580000, 0x00000000d5580000)
  object space 759296K, 99% used [0x0000000080000000,0x00000000ae538ff8,0x00000000ae580000)
 Metaspace       used 66088K, committed 67584K, reserved 1114112K
  class space    used 6961K, committed 7616K, reserved 1048576K
}
Event: 136.441 GC heap after
{Heap after GC invocations=1196 (full 3):
 PSYoungGen      total 2560K, used 998K [0x00000000d5580000, 0x00000000d5b00000, 0x0000000100000000)
  eden space 1536K, 0% used [0x00000000d5580000,0x00000000d5580000,0x00000000d5700000)
  from space 1024K, 97% used [0x00000000d5700000,0x00000000d57f9848,0x00000000d5800000)
  to   space 2048K, 0% used [0x00000000d5900000,0x00000000d5900000,0x00000000d5b00000)
 ParOldGen       total 759808K, used 759637K [0x0000000080000000, 0x00000000ae600000, 0x00000000d5580000)
  object space 759808K, 99% used [0x0000000080000000,0x00000000ae5d56d8,0x00000000ae600000)
 Metaspace       used 66088K, committed 67584K, reserved 1114112K
  class space    used 6961K, committed 7616K, reserved 1048576K
}
Event: 136.464 GC heap before
{Heap before GC invocations=1197 (full 3):
 PSYoungGen      total 2560K, used 2534K [0x00000000d5580000, 0x00000000d5b00000, 0x0000000100000000)
  eden space 1536K, 100% used [0x00000000d5580000,0x00000000d5700000,0x00000000d5700000)
  from space 1024K, 97% used [0x00000000d5700000,0x00000000d57f9848,0x00000000d5800000)
  to   space 2048K, 0% used [0x00000000d5900000,0x00000000d5900000,0x00000000d5b00000)
 ParOldGen       total 759808K, used 759637K [0x0000000080000000, 0x00000000ae600000, 0x00000000d5580000)
  object space 759808K, 99% used [0x0000000080000000,0x00000000ae5d56d8,0x00000000ae600000)
 Metaspace       used 66088K, committed 67584K, reserved 1114112K
  class space    used 6961K, committed 7616K, reserved 1048576K
}
Event: 136.468 GC heap after
{Heap after GC invocations=1197 (full 3):
 PSYoungGen      total 3584K, used 1508K [0x00000000d5580000, 0x00000000d5b00000, 0x0000000100000000)
  eden space 1536K, 0% used [0x00000000d5580000,0x00000000d5580000,0x00000000d5700000)
  from space 2048K, 73% used [0x00000000d5900000,0x00000000d5a790b0,0x00000000d5b00000)
  to   space 2048K, 0% used [0x00000000d5700000,0x00000000d5700000,0x00000000d5900000)
 ParOldGen       total 760832K, used 760511K [0x0000000080000000, 0x00000000ae700000, 0x00000000d5580000)
  object space 760832K, 99% used [0x0000000080000000,0x00000000ae6afc60,0x00000000ae700000)
 Metaspace       used 66088K, committed 67584K, reserved 1114112K
  class space    used 6961K, committed 7616K, reserved 1048576K
}
Event: 136.473 GC heap before
{Heap before GC invocations=1198 (full 3):
 PSYoungGen      total 3584K, used 3044K [0x00000000d5580000, 0x00000000d5b00000, 0x0000000100000000)
  eden space 1536K, 99% used [0x00000000d5580000,0x00000000d56ffff0,0x00000000d5700000)
  from space 2048K, 73% used [0x00000000d5900000,0x00000000d5a790b0,0x00000000d5b00000)
  to   space 2048K, 0% used [0x00000000d5700000,0x00000000d5700000,0x00000000d5900000)
 ParOldGen       total 760832K, used 760511K [0x0000000080000000, 0x00000000ae700000, 0x00000000d5580000)
  object space 760832K, 99% used [0x0000000080000000,0x00000000ae6afc60,0x00000000ae700000)
 Metaspace       used 66088K, committed 67584K, reserved 1114112K
  class space    used 6961K, committed 7616K, reserved 1048576K
}
Event: 136.478 GC heap after
{Heap after GC invocations=1198 (full 3):
 PSYoungGen      total 3584K, used 1472K [0x00000000d5580000, 0x00000000d5a80000, 0x0000000100000000)
  eden space 1536K, 0% used [0x00000000d5580000,0x00000000d5580000,0x00000000d5700000)
  from space 2048K, 71% used [0x00000000d5700000,0x00000000d5870000,0x00000000d5900000)
  to   space 1536K, 0% used [0x00000000d5900000,0x00000000d5900000,0x00000000d5a80000)
 ParOldGen       total 762368K, used 761926K [0x0000000080000000, 0x00000000ae880000, 0x00000000d5580000)
  object space 762368K, 99% used [0x0000000080000000,0x00000000ae811970,0x00000000ae880000)
 Metaspace       used 66088K, committed 67584K, reserved 1114112K
  class space    used 6961K, committed 7616K, reserved 1048576K
}
Event: 136.481 GC heap before
{Heap before GC invocations=1199 (full 3):
 PSYoungGen      total 3584K, used 3008K [0x00000000d5580000, 0x00000000d5a80000, 0x0000000100000000)
  eden space 1536K, 100% used [0x00000000d5580000,0x00000000d5700000,0x00000000d5700000)
  from space 2048K, 71% used [0x00000000d5700000,0x00000000d5870000,0x00000000d5900000)
  to   space 1536K, 0% used [0x00000000d5900000,0x00000000d5900000,0x00000000d5a80000)
 ParOldGen       total 762368K, used 761926K [0x0000000080000000, 0x00000000ae880000, 0x00000000d5580000)
  object space 762368K, 99% used [0x0000000080000000,0x00000000ae811970,0x00000000ae880000)
 Metaspace       used 66088K, committed 67584K, reserved 1114112K
  class space    used 6961K, committed 7616K, reserved 1048576K
}
Event: 136.486 GC heap after
{Heap after GC invocations=1199 (full 3):
 PSYoungGen      total 3072K, used 1536K [0x00000000d5580000, 0x00000000d5b80000, 0x0000000100000000)
  eden space 1536K, 0% used [0x00000000d5580000,0x00000000d5580000,0x00000000d5700000)
  from space 1536K, 100% used [0x00000000d5900000,0x00000000d5a80000,0x00000000d5a80000)
  to   space 2048K, 0% used [0x00000000d5700000,0x00000000d5700000,0x00000000d5900000)
 ParOldGen       total 763392K, used 763297K [0x0000000080000000, 0x00000000ae980000, 0x00000000d5580000)
  object space 763392K, 99% used [0x0000000080000000,0x00000000ae9684d0,0x00000000ae980000)
 Metaspace       used 66088K, committed 67584K, reserved 1114112K
  class space    used 6961K, committed 7616K, reserved 1048576K
}
Event: 136.489 GC heap before
{Heap before GC invocations=1200 (full 3):
 PSYoungGen      total 3072K, used 3071K [0x00000000d5580000, 0x00000000d5b80000, 0x0000000100000000)
  eden space 1536K, 99% used [0x00000000d5580000,0x00000000d56fff98,0x00000000d5700000)
  from space 1536K, 100% used [0x00000000d5900000,0x00000000d5a80000,0x00000000d5a80000)
  to   space 2048K, 0% used [0x00000000d5700000,0x00000000d5700000,0x00000000d5900000)
 ParOldGen       total 763392K, used 763297K [0x0000000080000000, 0x00000000ae980000, 0x00000000d5580000)
  object space 763392K, 99% used [0x0000000080000000,0x00000000ae9684d0,0x00000000ae980000)
 Metaspace       used 66089K, committed 67584K, reserved 1114112K
  class space    used 6961K, committed 7616K, reserved 1048576K
}
Event: 136.495 GC heap after
{Heap after GC invocations=1200 (full 3):
 PSYoungGen      total 3584K, used 1472K [0x00000000d5580000, 0x00000000d5a80000, 0x0000000100000000)
  eden space 1536K, 0% used [0x00000000d5580000,0x00000000d5580000,0x00000000d5700000)
  from space 2048K, 71% used [0x00000000d5700000,0x00000000d5870000,0x00000000d5900000)
  to   space 1536K, 0% used [0x00000000d5900000,0x00000000d5900000,0x00000000d5a80000)
 ParOldGen       total 764928K, used 764690K [0x0000000080000000, 0x00000000aeb00000, 0x00000000d5580000)
  object space 764928K, 99% used [0x0000000080000000,0x00000000aeac4b30,0x00000000aeb00000)
 Metaspace       used 66089K, committed 67584K, reserved 1114112K
  class space    used 6961K, committed 7616K, reserved 1048576K
}
Event: 136.500 GC heap before
{Heap before GC invocations=1201 (full 3):
 PSYoungGen      total 3584K, used 3007K [0x00000000d5580000, 0x00000000d5a80000, 0x0000000100000000)
  eden space 1536K, 99% used [0x00000000d5580000,0x00000000d56ffff8,0x00000000d5700000)
  from space 2048K, 71% used [0x00000000d5700000,0x00000000d5870000,0x00000000d5900000)
  to   space 1536K, 0% used [0x00000000d5900000,0x00000000d5900000,0x00000000d5a80000)
 ParOldGen       total 764928K, used 764690K [0x0000000080000000, 0x00000000aeb00000, 0x00000000d5580000)
  object space 764928K, 99% used [0x0000000080000000,0x00000000aeac4b30,0x00000000aeb00000)
 Metaspace       used 66089K, committed 67584K, reserved 1114112K
  class space    used 6961K, committed 7616K, reserved 1048576K
}
Event: 136.504 GC heap after
{Heap after GC invocations=1201 (full 3):
 PSYoungGen      total 3584K, used 1504K [0x00000000d5580000, 0x00000000d5a80000, 0x0000000100000000)
  eden space 2048K, 0% used [0x00000000d5580000,0x00000000d5580000,0x00000000d5780000)
  from space 1536K, 97% used [0x00000000d5900000,0x00000000d5a78000,0x00000000d5a80000)
  to   space 1536K, 0% used [0x00000000d5780000,0x00000000d5780000,0x00000000d5900000)
 ParOldGen       total 766464K, used 766018K [0x0000000080000000, 0x00000000aec80000, 0x00000000d5580000)
  object space 766464K, 99% used [0x0000000080000000,0x00000000aec10a90,0x00000000aec80000)
 Metaspace       used 66089K, committed 67584K, reserved 1114112K
  class space    used 6961K, committed 7616K, reserved 1048576K
}
Event: 136.512 GC heap before
{Heap before GC invocations=1202 (full 3):
 PSYoungGen      total 3584K, used 3552K [0x00000000d5580000, 0x00000000d5a80000, 0x0000000100000000)
  eden space 2048K, 100% used [0x00000000d5580000,0x00000000d5780000,0x00000000d5780000)
  from space 1536K, 97% used [0x00000000d5900000,0x00000000d5a78000,0x00000000d5a80000)
  to   space 1536K, 0% used [0x00000000d5780000,0x00000000d5780000,0x00000000d5900000)
 ParOldGen       total 766464K, used 766018K [0x0000000080000000, 0x00000000aec80000, 0x00000000d5580000)
  object space 766464K, 99% used [0x0000000080000000,0x00000000aec10a90,0x00000000aec80000)
 Metaspace       used 66089K, committed 67584K, reserved 1114112K
  class space    used 6961K, committed 7616K, reserved 1048576K
}
Event: 136.518 GC heap after
{Heap after GC invocations=1202 (full 3):
 PSYoungGen      total 3584K, used 1536K [0x00000000d5580000, 0x00000000d5f00000, 0x0000000100000000)
  eden space 2048K, 0% used [0x00000000d5580000,0x00000000d5580000,0x00000000d5780000)
  from space 1536K, 100% used [0x00000000d5780000,0x00000000d5900000,0x00000000d5900000)
  to   space 3584K, 0% used [0x00000000d5b80000,0x00000000d5b80000,0x00000000d5f00000)
 ParOldGen       total 768000K, used 767706K [0x0000000080000000, 0x00000000aee00000, 0x00000000d5580000)
  object space 768000K, 99% used [0x0000000080000000,0x00000000aedb6a90,0x00000000aee00000)
 Metaspace       used 66089K, committed 67584K, reserved 1114112K
  class space    used 6961K, committed 7616K, reserved 1048576K
}

